<?xml version="1.0" encoding="UTF-8"?>
<!-- Generated by org.testng.reporters.JUnitReportReporter -->
<testsuite skipped="0" hostname="GNOCITNIKHILES" name="TestSuites" tests="4" failures="0" timestamp="28 Feb 2021 12:10:18 GMT" time="41.955" errors="0">
  <testcase name="ValidLogin" time="6.327" classname="TestSuites"/>
  <testcase name="EmailBlank" time="12.718" classname="TestSuites"/>
  <testcase name="InLogin" time="11.561" classname="TestSuites"/>
  <testcase name="PasswordBlank" time="11.349" classname="TestSuites"/>
</testsuite> <!-- TestSuites -->
